<?xml version="1.0" encoding="UTF-8"?>
<!-- Generated by org.testng.reporters.JUnitReportReporter -->
<testsuite skipped="0" hostname="DESKTOP-OQPFD7J" name="com.mcnz.restful.java.exampleTest.AJTest" tests="1" failures="0" timestamp="01 三月 2019 03:32:14 GMT" time="0.486" errors="0">
  <testcase name="simpleTest" time="0.486" classname="com.mcnz.restful.java.exampleTest.AJTest"/>
</testsuite> <!-- com.mcnz.restful.java.exampleTest.AJTest -->
